2016-11-13 12:27:27: 12016-11-13 12:37:18: User Tyraon logged in.2016-11-13 12:38:05: User Tyraon logged in.
2016-11-13 12:38:43: 
User Tyraon logged in.2016-11-13 12:38:54: 
User Tyraon logged in.
2016-11-13 12:39:38: User Tyraon logged in.
2016-11-13 12:41:39: User 'Tyraon' login :: failed
2016-11-13 12:41:59: User 'Tyraon' login :: success
2016-11-13 12:55:36: User 'Tyraon' article :: create
2016-11-13 12:55:48: User 'Tyraon' article :: update
2016-11-13 12:58:22: User 'Tyraon' article :: delete (11)
2016-11-13 12:58:37: User 'Tyraon' article :: create (dsfsadfssdfsdsfsfd - 2)
2016-11-13 12:58:47: User 'Tyraon' article :: update (dsfsadfssdfsdsfsfd)
2016-11-13 12:58:52: User 'Tyraon' article :: delete (12)
2016-11-13 13:09:18: User 'Tyraon' login :: success
2016-11-13 14:43:03: User uninow login :: success
2016-11-13 15:03:27: User Tyraon login :: success
2016-11-13 15:51:02: User Tyraon login :: success
2016-11-13 15:52:32: User uninow login :: success
2016-11-14 11:33:34: User Tyraon login :: success
2016-11-15 07:43:55: User Tyraon login :: failed
2016-11-15 07:44:02: User Tyraon login :: success
2016-11-15 08:45:02: User Tyraon login :: success